The system is: Linux - 4.4.0-38-generic - x86_64
Compiling the C compiler identification source file "CMakeCCompilerId.c" succeeded.
Compiler: /usr/bin/cc 
Build flags: 
Id flags: 

The output was:
0


Compilation of the C compiler identification source "CMakeCCompilerId.c" produced "a.out"

The C compiler identification is GNU, found in "/home/peter/Repo/stlink/cmake/CMakeFiles/3.5.1/CompilerIdC/a.out"

Determining if the C compiler works passed with the following output:
Change Dir: /home/peter/Repo/stlink/cmake/CMakeFiles/CMakeTmp

Run Build Command:"/usr/bin/make" "cmTC_a7d8f/fast"
/usr/bin/make -f CMakeFiles/cmTC_a7d8f.dir/build.make CMakeFiles/cmTC_a7d8f.dir/build
make[1]: Entering directory '/home/peter/Repo/stlink/cmake/CMakeFiles/CMakeTmp'
Building C object CMakeFiles/cmTC_a7d8f.dir/testCCompiler.c.o
/usr/bin/cc     -o CMakeFiles/cmTC_a7d8f.dir/testCCompiler.c.o   -c /home/peter/Repo/stlink/cmake/CMakeFiles/CMakeTmp/testCCompiler.c
Linking C executable cmTC_a7d8f
/usr/bin/cmake -E cmake_link_script CMakeFiles/cmTC_a7d8f.dir/link.txt --verbose=1
/usr/bin/cc       CMakeFiles/cmTC_a7d8f.dir/testCCompiler.c.o  -o cmTC_a7d8f -rdynamic 
make[1]: Leaving directory '/home/peter/Repo/stlink/cmake/CMakeFiles/CMakeTmp'


Detecting C compiler ABI info compiled with the following output:
Change Dir: /home/peter/Repo/stlink/cmake/CMakeFiles/CMakeTmp

Run Build Command:"/usr/bin/make" "cmTC_f4962/fast"
/usr/bin/make -f CMakeFiles/cmTC_f4962.dir/build.make CMakeFiles/cmTC_f4962.dir/build
make[1]: Entering directory '/home/peter/Repo/stlink/cmake/CMakeFiles/CMakeTmp'
Building C object CMakeFiles/cmTC_f4962.dir/CMakeCCompilerABI.c.o
/usr/bin/cc     -o CMakeFiles/cmTC_f4962.dir/CMakeCCompilerABI.c.o   -c /usr/share/cmake-3.5/Modules/CMakeCCompilerABI.c
Linking C executable cmTC_f4962
/usr/bin/cmake -E cmake_link_script CMakeFiles/cmTC_f4962.dir/link.txt --verbose=1
/usr/bin/cc      -v CMakeFiles/cmTC_f4962.dir/CMakeCCompilerABI.c.o  -o cmTC_f4962 -rdynamic  
Using built-in specs.
COLLECT_GCC=/usr/bin/cc
COLLECT_LTO_WRAPPER=/usr/lib/gcc/x86_64-linux-gnu/5/lto-wrapper
Target: x86_64-linux-gnu
Configured with: ../src/configure -v --with-pkgversion='Ubuntu 5.4.0-6ubuntu1~16.04.6' --with-bugurl=file:///usr/share/doc/gcc-5/README.Bugs --enable-languages=c,ada,c++,java,go,d,fortran,objc,obj-c++ --prefix=/usr --program-suffix=-5 --enable-shared --enable-linker-build-id --libexecdir=/usr/lib --without-included-gettext --enable-threads=posix --libdir=/usr/lib --enable-nls --with-sysroot=/ --enable-clocale=gnu --enable-libstdcxx-debug --enable-libstdcxx-time=yes --with-default-libstdcxx-abi=new --enable-gnu-unique-object --disable-vtable-verify --enable-libmpx --enable-plugin --with-system-zlib --disable-browser-plugin --enable-java-awt=gtk --enable-gtk-cairo --with-java-home=/usr/lib/jvm/java-1.5.0-gcj-5-amd64/jre --enable-java-home --with-jvm-root-dir=/usr/lib/jvm/java-1.5.0-gcj-5-amd64 --with-jvm-jar-dir=/usr/lib/jvm-exports/java-1.5.0-gcj-5-amd64 --with-arch-directory=amd64 --with-ecj-jar=/usr/share/java/eclipse-ecj.jar --enable-objc-gc --enable-multiarch --disable-werror --with-arch-32=i686 --with-abi=m64 --with-multilib-list=m32,m64,mx32 --enable-multilib --with-tune=generic --enable-checking=release --build=x86_64-linux-gnu --host=x86_64-linux-gnu --target=x86_64-linux-gnu
Thread model: posix
gcc version 5.4.0 20160609 (Ubuntu 5.4.0-6ubuntu1~16.04.6) 
COMPILER_PATH=/usr/lib/gcc/x86_64-linux-gnu/5/:/usr/lib/gcc/x86_64-linux-gnu/5/:/usr/lib/gcc/x86_64-linux-gnu/:/usr/lib/gcc/x86_64-linux-gnu/5/:/usr/lib/gcc/x86_64-linux-gnu/
LIBRARY_PATH=/usr/lib/gcc/x86_64-linux-gnu/5/:/usr/lib/gcc/x86_64-linux-gnu/5/../../../x86_64-linux-gnu/:/usr/lib/gcc/x86_64-linux-gnu/5/../../../../lib/:/lib/x86_64-linux-gnu/:/lib/../lib/:/usr/lib/x86_64-linux-gnu/:/usr/lib/../lib/:/usr/lib/gcc/x86_64-linux-gnu/5/../../../:/lib/:/usr/lib/
COLLECT_GCC_OPTIONS='-v' '-o' 'cmTC_f4962' '-rdynamic' '-mtune=generic' '-march=x86-64'
 /usr/lib/gcc/x86_64-linux-gnu/5/collect2 -plugin /usr/lib/gcc/x86_64-linux-gnu/5/liblto_plugin.so -plugin-opt=/usr/lib/gcc/x86_64-linux-gnu/5/lto-wrapper -plugin-opt=-fresolution=/tmp/ccS8SKsA.res -plugin-opt=-pass-through=-lgcc -plugin-opt=-pass-through=-lgcc_s -plugin-opt=-pass-through=-lc -plugin-opt=-pass-through=-lgcc -plugin-opt=-pass-through=-lgcc_s --sysroot=/ --build-id --eh-frame-hdr -m elf_x86_64 --hash-style=gnu --as-needed -export-dynamic -dynamic-linker /lib64/ld-linux-x86-64.so.2 -z relro -o cmTC_f4962 /usr/lib/gcc/x86_64-linux-gnu/5/../../../x86_64-linux-gnu/crt1.o /usr/lib/gcc/x86_64-linux-gnu/5/../../../x86_64-linux-gnu/crti.o /usr/lib/gcc/x86_64-linux-gnu/5/crtbegin.o -L/usr/lib/gcc/x86_64-linux-gnu/5 -L/usr/lib/gcc/x86_64-linux-gnu/5/../../../x86_64-linux-gnu -L/usr/lib/gcc/x86_64-linux-gnu/5/../../../../lib -L/lib/x86_64-linux-gnu -L/lib/../lib -L/usr/lib/x86_64-linux-gnu -L/usr/lib/../lib -L/usr/lib/gcc/x86_64-linux-gnu/5/../../.. CMakeFiles/cmTC_f4962.dir/CMakeCCompilerABI.c.o -lgcc --as-needed -lgcc_s --no-as-needed -lc -lgcc --as-needed -lgcc_s --no-as-needed /usr/lib/gcc/x86_64-linux-gnu/5/crtend.o /usr/lib/gcc/x86_64-linux-gnu/5/../../../x86_64-linux-gnu/crtn.o
make[1]: Leaving directory '/home/peter/Repo/stlink/cmake/CMakeFiles/CMakeTmp'


Parsed C implicit link information from above output:
  link line regex: [^( *|.*[/\])(ld|([^/\]+-)?ld|collect2)[^/\]*( |$)]
  ignore line: [Change Dir: /home/peter/Repo/stlink/cmake/CMakeFiles/CMakeTmp]
  ignore line: []
  ignore line: [Run Build Command:"/usr/bin/make" "cmTC_f4962/fast"]
  ignore line: [/usr/bin/make -f CMakeFiles/cmTC_f4962.dir/build.make CMakeFiles/cmTC_f4962.dir/build]
  ignore line: [make[1]: Entering directory '/home/peter/Repo/stlink/cmake/CMakeFiles/CMakeTmp']
  ignore line: [Building C object CMakeFiles/cmTC_f4962.dir/CMakeCCompilerABI.c.o]
  ignore line: [/usr/bin/cc     -o CMakeFiles/cmTC_f4962.dir/CMakeCCompilerABI.c.o   -c /usr/share/cmake-3.5/Modules/CMakeCCompilerABI.c]
  ignore line: [Linking C executable cmTC_f4962]
  ignore line: [/usr/bin/cmake -E cmake_link_script CMakeFiles/cmTC_f4962.dir/link.txt --verbose=1]
  ignore line: [/usr/bin/cc      -v CMakeFiles/cmTC_f4962.dir/CMakeCCompilerABI.c.o  -o cmTC_f4962 -rdynamic  ]
  ignore line: [Using built-in specs.]
  ignore line: [COLLECT_GCC=/usr/bin/cc]
  ignore line: [COLLECT_LTO_WRAPPER=/usr/lib/gcc/x86_64-linux-gnu/5/lto-wrapper]
  ignore line: [Target: x86_64-linux-gnu]
  ignore line: [Configured with: ../src/configure -v --with-pkgversion='Ubuntu 5.4.0-6ubuntu1~16.04.6' --with-bugurl=file:///usr/share/doc/gcc-5/README.Bugs --enable-languages=c,ada,c++,java,go,d,fortran,objc,obj-c++ --prefix=/usr --program-suffix=-5 --enable-shared --enable-linker-build-id --libexecdir=/usr/lib --without-included-gettext --enable-threads=posix --libdir=/usr/lib --enable-nls --with-sysroot=/ --enable-clocale=gnu --enable-libstdcxx-debug --enable-libstdcxx-time=yes --with-default-libstdcxx-abi=new --enable-gnu-unique-object --disable-vtable-verify --enable-libmpx --enable-plugin --with-system-zlib --disable-browser-plugin --enable-java-awt=gtk --enable-gtk-cairo --with-java-home=/usr/lib/jvm/java-1.5.0-gcj-5-amd64/jre --enable-java-home --with-jvm-root-dir=/usr/lib/jvm/java-1.5.0-gcj-5-amd64 --with-jvm-jar-dir=/usr/lib/jvm-exports/java-1.5.0-gcj-5-amd64 --with-arch-directory=amd64 --with-ecj-jar=/usr/share/java/eclipse-ecj.jar --enable-objc-gc --enable-multiarch --disable-werror --with-arch-32=i686 --with-abi=m64 --with-multilib-list=m32,m64,mx32 --enable-multilib --with-tune=generic --enable-checking=release --build=x86_64-linux-gnu --host=x86_64-linux-gnu --target=x86_64-linux-gnu]
  ignore line: [Thread model: posix]
  ignore line: [gcc version 5.4.0 20160609 (Ubuntu 5.4.0-6ubuntu1~16.04.6) ]
  ignore line: [COMPILER_PATH=/usr/lib/gcc/x86_64-linux-gnu/5/:/usr/lib/gcc/x86_64-linux-gnu/5/:/usr/lib/gcc/x86_64-linux-gnu/:/usr/lib/gcc/x86_64-linux-gnu/5/:/usr/lib/gcc/x86_64-linux-gnu/]
  ignore line: [LIBRARY_PATH=/usr/lib/gcc/x86_64-linux-gnu/5/:/usr/lib/gcc/x86_64-linux-gnu/5/../../../x86_64-linux-gnu/:/usr/lib/gcc/x86_64-linux-gnu/5/../../../../lib/:/lib/x86_64-linux-gnu/:/lib/../lib/:/usr/lib/x86_64-linux-gnu/:/usr/lib/../lib/:/usr/lib/gcc/x86_64-linux-gnu/5/../../../:/lib/:/usr/lib/]
  ignore line: [COLLECT_GCC_OPTIONS='-v' '-o' 'cmTC_f4962' '-rdynamic' '-mtune=generic' '-march=x86-64']
  link line: [ /usr/lib/gcc/x86_64-linux-gnu/5/collect2 -plugin /usr/lib/gcc/x86_64-linux-gnu/5/liblto_plugin.so -plugin-opt=/usr/lib/gcc/x86_64-linux-gnu/5/lto-wrapper -plugin-opt=-fresolution=/tmp/ccS8SKsA.res -plugin-opt=-pass-through=-lgcc -plugin-opt=-pass-through=-lgcc_s -plugin-opt=-pass-through=-lc -plugin-opt=-pass-through=-lgcc -plugin-opt=-pass-through=-lgcc_s --sysroot=/ --build-id --eh-frame-hdr -m elf_x86_64 --hash-style=gnu --as-needed -export-dynamic -dynamic-linker /lib64/ld-linux-x86-64.so.2 -z relro -o cmTC_f4962 /usr/lib/gcc/x86_64-linux-gnu/5/../../../x86_64-linux-gnu/crt1.o /usr/lib/gcc/x86_64-linux-gnu/5/../../../x86_64-linux-gnu/crti.o /usr/lib/gcc/x86_64-linux-gnu/5/crtbegin.o -L/usr/lib/gcc/x86_64-linux-gnu/5 -L/usr/lib/gcc/x86_64-linux-gnu/5/../../../x86_64-linux-gnu -L/usr/lib/gcc/x86_64-linux-gnu/5/../../../../lib -L/lib/x86_64-linux-gnu -L/lib/../lib -L/usr/lib/x86_64-linux-gnu -L/usr/lib/../lib -L/usr/lib/gcc/x86_64-linux-gnu/5/../../.. CMakeFiles/cmTC_f4962.dir/CMakeCCompilerABI.c.o -lgcc --as-needed -lgcc_s --no-as-needed -lc -lgcc --as-needed -lgcc_s --no-as-needed /usr/lib/gcc/x86_64-linux-gnu/5/crtend.o /usr/lib/gcc/x86_64-linux-gnu/5/../../../x86_64-linux-gnu/crtn.o]
    arg [/usr/lib/gcc/x86_64-linux-gnu/5/collect2] ==> ignore
    arg [-plugin] ==> ignore
    arg [/usr/lib/gcc/x86_64-linux-gnu/5/liblto_plugin.so] ==> ignore
    arg [-plugin-opt=/usr/lib/gcc/x86_64-linux-gnu/5/lto-wrapper] ==> ignore
    arg [-plugin-opt=-fresolution=/tmp/ccS8SKsA.res] ==> ignore
    arg [-plugin-opt=-pass-through=-lgcc] ==> ignore
    arg [-plugin-opt=-pass-through=-lgcc_s] ==> ignore
    arg [-plugin-opt=-pass-through=-lc] ==> ignore
    arg [-plugin-opt=-pass-through=-lgcc] ==> ignore
    arg [-plugin-opt=-pass-through=-lgcc_s] ==> ignore
    arg [--sysroot=/] ==> ignore
    arg [--build-id] ==> ignore
    arg [--eh-frame-hdr] ==> ignore
    arg [-m] ==> ignore
    arg [elf_x86_64] ==> ignore
    arg [--hash-style=gnu] ==> ignore
    arg [--as-needed] ==> ignore
    arg [-export-dynamic] ==> ignore
    arg [-dynamic-linker] ==> ignore
    arg [/lib64/ld-linux-x86-64.so.2] ==> ignore
    arg [-zrelro] ==> ignore
    arg [-o] ==> ignore
    arg [cmTC_f4962] ==> ignore
    arg [/usr/lib/gcc/x86_64-linux-gnu/5/../../../x86_64-linux-gnu/crt1.o] ==> ignore
    arg [/usr/lib/gcc/x86_64-linux-gnu/5/../../../x86_64-linux-gnu/crti.o] ==> ignore
    arg [/usr/lib/gcc/x86_64-linux-gnu/5/crtbegin.o] ==> ignore
    arg [-L/usr/lib/gcc/x86_64-linux-gnu/5] ==> dir [/usr/lib/gcc/x86_64-linux-gnu/5]
    arg [-L/usr/lib/gcc/x86_64-linux-gnu/5/../../../x86_64-linux-gnu] ==> dir [/usr/lib/gcc/x86_64-linux-gnu/5/../../../x86_64-linux-gnu]
    arg [-L/usr/lib/gcc/x86_64-linux-gnu/5/../../../../lib] ==> dir [/usr/lib/gcc/x86_64-linux-gnu/5/../../../../lib]
    arg [-L/lib/x86_64-linux-gnu] ==> dir [/lib/x86_64-linux-gnu]
    arg [-L/lib/../lib] ==> dir [/lib/../lib]
    arg [-L/usr/lib/x86_64-linux-gnu] ==> dir [/usr/lib/x86_64-linux-gnu]
    arg [-L/usr/lib/../lib] ==> dir [/usr/lib/../lib]
    arg [-L/usr/lib/gcc/x86_64-linux-gnu/5/../../..] ==> dir [/usr/lib/gcc/x86_64-linux-gnu/5/../../..]
    arg [CMakeFiles/cmTC_f4962.dir/CMakeCCompilerABI.c.o] ==> ignore
    arg [-lgcc] ==> lib [gcc]
    arg [--as-needed] ==> ignore
    arg [-lgcc_s] ==> lib [gcc_s]
    arg [--no-as-needed] ==> ignore
    arg [-lc] ==> lib [c]
    arg [-lgcc] ==> lib [gcc]
    arg [--as-needed] ==> ignore
    arg [-lgcc_s] ==> lib [gcc_s]
    arg [--no-as-needed] ==> ignore
    arg [/usr/lib/gcc/x86_64-linux-gnu/5/crtend.o] ==> ignore
    arg [/usr/lib/gcc/x86_64-linux-gnu/5/../../../x86_64-linux-gnu/crtn.o] ==> ignore
  remove lib [gcc]
  remove lib [gcc_s]
  remove lib [gcc]
  remove lib [gcc_s]
  collapse library dir [/usr/lib/gcc/x86_64-linux-gnu/5] ==> [/usr/lib/gcc/x86_64-linux-gnu/5]
  collapse library dir [/usr/lib/gcc/x86_64-linux-gnu/5/../../../x86_64-linux-gnu] ==> [/usr/lib/x86_64-linux-gnu]
  collapse library dir [/usr/lib/gcc/x86_64-linux-gnu/5/../../../../lib] ==> [/usr/lib]
  collapse library dir [/lib/x86_64-linux-gnu] ==> [/lib/x86_64-linux-gnu]
  collapse library dir [/lib/../lib] ==> [/lib]
  collapse library dir [/usr/lib/x86_64-linux-gnu] ==> [/usr/lib/x86_64-linux-gnu]
  collapse library dir [/usr/lib/../lib] ==> [/usr/lib]
  collapse library dir [/usr/lib/gcc/x86_64-linux-gnu/5/../../..] ==> [/usr/lib]
  implicit libs: [c]
  implicit dirs: [/usr/lib/gcc/x86_64-linux-gnu/5;/usr/lib/x86_64-linux-gnu;/usr/lib;/lib/x86_64-linux-gnu;/lib]
  implicit fwks: []




Detecting C [-std=c11] compiler features compiled with the following output:
Change Dir: /home/peter/Repo/stlink/cmake/CMakeFiles/CMakeTmp

Run Build Command:"/usr/bin/make" "cmTC_66c42/fast"
/usr/bin/make -f CMakeFiles/cmTC_66c42.dir/build.make CMakeFiles/cmTC_66c42.dir/build
make[1]: Entering directory '/home/peter/Repo/stlink/cmake/CMakeFiles/CMakeTmp'
Building C object CMakeFiles/cmTC_66c42.dir/feature_tests.c.o
/usr/bin/cc    -std=c11 -o CMakeFiles/cmTC_66c42.dir/feature_tests.c.o   -c /home/peter/Repo/stlink/cmake/CMakeFiles/feature_tests.c
Linking C executable cmTC_66c42
/usr/bin/cmake -E cmake_link_script CMakeFiles/cmTC_66c42.dir/link.txt --verbose=1
/usr/bin/cc       CMakeFiles/cmTC_66c42.dir/feature_tests.c.o  -o cmTC_66c42 -rdynamic 
make[1]: Leaving directory '/home/peter/Repo/stlink/cmake/CMakeFiles/CMakeTmp'


    Feature record: C_FEATURE:1c_function_prototypes
    Feature record: C_FEATURE:1c_restrict
    Feature record: C_FEATURE:1c_static_assert
    Feature record: C_FEATURE:1c_variadic_macros


Detecting C [-std=c99] compiler features compiled with the following output:
Change Dir: /home/peter/Repo/stlink/cmake/CMakeFiles/CMakeTmp

Run Build Command:"/usr/bin/make" "cmTC_bc72b/fast"
/usr/bin/make -f CMakeFiles/cmTC_bc72b.dir/build.make CMakeFiles/cmTC_bc72b.dir/build
make[1]: Entering directory '/home/peter/Repo/stlink/cmake/CMakeFiles/CMakeTmp'
Building C object CMakeFiles/cmTC_bc72b.dir/feature_tests.c.o
/usr/bin/cc    -std=c99 -o CMakeFiles/cmTC_bc72b.dir/feature_tests.c.o   -c /home/peter/Repo/stlink/cmake/CMakeFiles/feature_tests.c
Linking C executable cmTC_bc72b
/usr/bin/cmake -E cmake_link_script CMakeFiles/cmTC_bc72b.dir/link.txt --verbose=1
/usr/bin/cc       CMakeFiles/cmTC_bc72b.dir/feature_tests.c.o  -o cmTC_bc72b -rdynamic 
make[1]: Leaving directory '/home/peter/Repo/stlink/cmake/CMakeFiles/CMakeTmp'


    Feature record: C_FEATURE:1c_function_prototypes
    Feature record: C_FEATURE:1c_restrict
    Feature record: C_FEATURE:0c_static_assert
    Feature record: C_FEATURE:1c_variadic_macros


Detecting C [-std=c90] compiler features compiled with the following output:
Change Dir: /home/peter/Repo/stlink/cmake/CMakeFiles/CMakeTmp

Run Build Command:"/usr/bin/make" "cmTC_47f00/fast"
/usr/bin/make -f CMakeFiles/cmTC_47f00.dir/build.make CMakeFiles/cmTC_47f00.dir/build
make[1]: Entering directory '/home/peter/Repo/stlink/cmake/CMakeFiles/CMakeTmp'
Building C object CMakeFiles/cmTC_47f00.dir/feature_tests.c.o
/usr/bin/cc    -std=c90 -o CMakeFiles/cmTC_47f00.dir/feature_tests.c.o   -c /home/peter/Repo/stlink/cmake/CMakeFiles/feature_tests.c
Linking C executable cmTC_47f00
/usr/bin/cmake -E cmake_link_script CMakeFiles/cmTC_47f00.dir/link.txt --verbose=1
/usr/bin/cc       CMakeFiles/cmTC_47f00.dir/feature_tests.c.o  -o cmTC_47f00 -rdynamic 
make[1]: Leaving directory '/home/peter/Repo/stlink/cmake/CMakeFiles/CMakeTmp'


    Feature record: C_FEATURE:1c_function_prototypes
    Feature record: C_FEATURE:0c_restrict
    Feature record: C_FEATURE:0c_static_assert
    Feature record: C_FEATURE:0c_variadic_macros
Performing C SOURCE FILE Test C_SUPPORTS_STD_GNU99 succeeded with the following output:
Change Dir: /home/peter/Repo/stlink/cmake/CMakeFiles/CMakeTmp

Run Build Command:"/usr/bin/make" "cmTC_74888/fast"
/usr/bin/make -f CMakeFiles/cmTC_74888.dir/build.make CMakeFiles/cmTC_74888.dir/build
make[1]: Entering directory '/home/peter/Repo/stlink/cmake/CMakeFiles/CMakeTmp'
Building C object CMakeFiles/cmTC_74888.dir/src.c.o
/usr/bin/cc    -DC_SUPPORTS_STD_GNU99   -std=gnu99 -o CMakeFiles/cmTC_74888.dir/src.c.o   -c /home/peter/Repo/stlink/cmake/CMakeFiles/CMakeTmp/src.c
Linking C executable cmTC_74888
/usr/bin/cmake -E cmake_link_script CMakeFiles/cmTC_74888.dir/link.txt --verbose=1
/usr/bin/cc   -DC_SUPPORTS_STD_GNU99    CMakeFiles/cmTC_74888.dir/src.c.o  -o cmTC_74888 -rdynamic 
make[1]: Leaving directory '/home/peter/Repo/stlink/cmake/CMakeFiles/CMakeTmp'

Source file was:
int main(void) { return 0; }
Performing C SOURCE FILE Test C_SUPPORTS_WALL succeeded with the following output:
Change Dir: /home/peter/Repo/stlink/cmake/CMakeFiles/CMakeTmp

Run Build Command:"/usr/bin/make" "cmTC_57f2c/fast"
/usr/bin/make -f CMakeFiles/cmTC_57f2c.dir/build.make CMakeFiles/cmTC_57f2c.dir/build
make[1]: Entering directory '/home/peter/Repo/stlink/cmake/CMakeFiles/CMakeTmp'
Building C object CMakeFiles/cmTC_57f2c.dir/src.c.o
/usr/bin/cc    -std=gnu99 -DC_SUPPORTS_WALL   -Wall -o CMakeFiles/cmTC_57f2c.dir/src.c.o   -c /home/peter/Repo/stlink/cmake/CMakeFiles/CMakeTmp/src.c
Linking C executable cmTC_57f2c
/usr/bin/cmake -E cmake_link_script CMakeFiles/cmTC_57f2c.dir/link.txt --verbose=1
/usr/bin/cc   -std=gnu99 -DC_SUPPORTS_WALL    CMakeFiles/cmTC_57f2c.dir/src.c.o  -o cmTC_57f2c -rdynamic 
make[1]: Leaving directory '/home/peter/Repo/stlink/cmake/CMakeFiles/CMakeTmp'

Source file was:
int main(void) { return 0; }
Performing C SOURCE FILE Test C_SUPPORTS_WEXTRA succeeded with the following output:
Change Dir: /home/peter/Repo/stlink/cmake/CMakeFiles/CMakeTmp

Run Build Command:"/usr/bin/make" "cmTC_b1f0d/fast"
/usr/bin/make -f CMakeFiles/cmTC_b1f0d.dir/build.make CMakeFiles/cmTC_b1f0d.dir/build
make[1]: Entering directory '/home/peter/Repo/stlink/cmake/CMakeFiles/CMakeTmp'
Building C object CMakeFiles/cmTC_b1f0d.dir/src.c.o
/usr/bin/cc    -std=gnu99 -Wall -DC_SUPPORTS_WEXTRA   -Wextra -o CMakeFiles/cmTC_b1f0d.dir/src.c.o   -c /home/peter/Repo/stlink/cmake/CMakeFiles/CMakeTmp/src.c
Linking C executable cmTC_b1f0d
/usr/bin/cmake -E cmake_link_script CMakeFiles/cmTC_b1f0d.dir/link.txt --verbose=1
/usr/bin/cc   -std=gnu99 -Wall -DC_SUPPORTS_WEXTRA    CMakeFiles/cmTC_b1f0d.dir/src.c.o  -o cmTC_b1f0d -rdynamic 
make[1]: Leaving directory '/home/peter/Repo/stlink/cmake/CMakeFiles/CMakeTmp'

Source file was:
int main(void) { return 0; }
Performing C SOURCE FILE Test C_SUPPORTS_WSHADOW succeeded with the following output:
Change Dir: /home/peter/Repo/stlink/cmake/CMakeFiles/CMakeTmp

Run Build Command:"/usr/bin/make" "cmTC_9de4e/fast"
/usr/bin/make -f CMakeFiles/cmTC_9de4e.dir/build.make CMakeFiles/cmTC_9de4e.dir/build
make[1]: Entering directory '/home/peter/Repo/stlink/cmake/CMakeFiles/CMakeTmp'
Building C object CMakeFiles/cmTC_9de4e.dir/src.c.o
/usr/bin/cc    -std=gnu99 -Wall -Wextra -DC_SUPPORTS_WSHADOW   -Wshadow -o CMakeFiles/cmTC_9de4e.dir/src.c.o   -c /home/peter/Repo/stlink/cmake/CMakeFiles/CMakeTmp/src.c
Linking C executable cmTC_9de4e
/usr/bin/cmake -E cmake_link_script CMakeFiles/cmTC_9de4e.dir/link.txt --verbose=1
/usr/bin/cc   -std=gnu99 -Wall -Wextra -DC_SUPPORTS_WSHADOW    CMakeFiles/cmTC_9de4e.dir/src.c.o  -o cmTC_9de4e -rdynamic 
make[1]: Leaving directory '/home/peter/Repo/stlink/cmake/CMakeFiles/CMakeTmp'

Source file was:
int main(void) { return 0; }
Performing C SOURCE FILE Test C_SUPPORTS_D_FORTIFY_SOURCE_2 succeeded with the following output:
Change Dir: /home/peter/Repo/stlink/cmake/CMakeFiles/CMakeTmp

Run Build Command:"/usr/bin/make" "cmTC_5c07d/fast"
/usr/bin/make -f CMakeFiles/cmTC_5c07d.dir/build.make CMakeFiles/cmTC_5c07d.dir/build
make[1]: Entering directory '/home/peter/Repo/stlink/cmake/CMakeFiles/CMakeTmp'
Building C object CMakeFiles/cmTC_5c07d.dir/src.c.o
/usr/bin/cc  -D_FORTIFY_SOURCE=2  -std=gnu99 -Wall -Wextra -Wshadow -DC_SUPPORTS_D_FORTIFY_SOURCE_2   -o CMakeFiles/cmTC_5c07d.dir/src.c.o   -c /home/peter/Repo/stlink/cmake/CMakeFiles/CMakeTmp/src.c
Linking C executable cmTC_5c07d
/usr/bin/cmake -E cmake_link_script CMakeFiles/cmTC_5c07d.dir/link.txt --verbose=1
/usr/bin/cc   -std=gnu99 -Wall -Wextra -Wshadow -DC_SUPPORTS_D_FORTIFY_SOURCE_2    CMakeFiles/cmTC_5c07d.dir/src.c.o  -o cmTC_5c07d -rdynamic 
make[1]: Leaving directory '/home/peter/Repo/stlink/cmake/CMakeFiles/CMakeTmp'

Source file was:
int main(void) { return 0; }
Performing C SOURCE FILE Test C_SUPPORTS_FSTRICT_ALIASING succeeded with the following output:
Change Dir: /home/peter/Repo/stlink/cmake/CMakeFiles/CMakeTmp

Run Build Command:"/usr/bin/make" "cmTC_bc09b/fast"
/usr/bin/make -f CMakeFiles/cmTC_bc09b.dir/build.make CMakeFiles/cmTC_bc09b.dir/build
make[1]: Entering directory '/home/peter/Repo/stlink/cmake/CMakeFiles/CMakeTmp'
Building C object CMakeFiles/cmTC_bc09b.dir/src.c.o
/usr/bin/cc    -std=gnu99 -Wall -Wextra -Wshadow -D_FORTIFY_SOURCE=2 -DC_SUPPORTS_FSTRICT_ALIASING   -fstrict-aliasing -o CMakeFiles/cmTC_bc09b.dir/src.c.o   -c /home/peter/Repo/stlink/cmake/CMakeFiles/CMakeTmp/src.c
Linking C executable cmTC_bc09b
/usr/bin/cmake -E cmake_link_script CMakeFiles/cmTC_bc09b.dir/link.txt --verbose=1
/usr/bin/cc   -std=gnu99 -Wall -Wextra -Wshadow -D_FORTIFY_SOURCE=2 -DC_SUPPORTS_FSTRICT_ALIASING    CMakeFiles/cmTC_bc09b.dir/src.c.o  -o cmTC_bc09b -rdynamic 
make[1]: Leaving directory '/home/peter/Repo/stlink/cmake/CMakeFiles/CMakeTmp'

Source file was:
int main(void) { return 0; }
Performing C SOURCE FILE Test C_SUPPORTS_WUNDEF succeeded with the following output:
Change Dir: /home/peter/Repo/stlink/cmake/CMakeFiles/CMakeTmp

Run Build Command:"/usr/bin/make" "cmTC_7525b/fast"
/usr/bin/make -f CMakeFiles/cmTC_7525b.dir/build.make CMakeFiles/cmTC_7525b.dir/build
make[1]: Entering directory '/home/peter/Repo/stlink/cmake/CMakeFiles/CMakeTmp'
Building C object CMakeFiles/cmTC_7525b.dir/src.c.o
/usr/bin/cc    -std=gnu99 -Wall -Wextra -Wshadow -D_FORTIFY_SOURCE=2 -fstrict-aliasing -DC_SUPPORTS_WUNDEF   -Wundef -o CMakeFiles/cmTC_7525b.dir/src.c.o   -c /home/peter/Repo/stlink/cmake/CMakeFiles/CMakeTmp/src.c
Linking C executable cmTC_7525b
/usr/bin/cmake -E cmake_link_script CMakeFiles/cmTC_7525b.dir/link.txt --verbose=1
/usr/bin/cc   -std=gnu99 -Wall -Wextra -Wshadow -D_FORTIFY_SOURCE=2 -fstrict-aliasing -DC_SUPPORTS_WUNDEF    CMakeFiles/cmTC_7525b.dir/src.c.o  -o cmTC_7525b -rdynamic 
make[1]: Leaving directory '/home/peter/Repo/stlink/cmake/CMakeFiles/CMakeTmp'

Source file was:
int main(void) { return 0; }
Performing C SOURCE FILE Test C_SUPPORTS_WFORMAT succeeded with the following output:
Change Dir: /home/peter/Repo/stlink/cmake/CMakeFiles/CMakeTmp

Run Build Command:"/usr/bin/make" "cmTC_70661/fast"
/usr/bin/make -f CMakeFiles/cmTC_70661.dir/build.make CMakeFiles/cmTC_70661.dir/build
make[1]: Entering directory '/home/peter/Repo/stlink/cmake/CMakeFiles/CMakeTmp'
Building C object CMakeFiles/cmTC_70661.dir/src.c.o
/usr/bin/cc    -std=gnu99 -Wall -Wextra -Wshadow -D_FORTIFY_SOURCE=2 -fstrict-aliasing -Wundef -DC_SUPPORTS_WFORMAT   -Wformat -o CMakeFiles/cmTC_70661.dir/src.c.o   -c /home/peter/Repo/stlink/cmake/CMakeFiles/CMakeTmp/src.c
Linking C executable cmTC_70661
/usr/bin/cmake -E cmake_link_script CMakeFiles/cmTC_70661.dir/link.txt --verbose=1
/usr/bin/cc   -std=gnu99 -Wall -Wextra -Wshadow -D_FORTIFY_SOURCE=2 -fstrict-aliasing -Wundef -DC_SUPPORTS_WFORMAT    CMakeFiles/cmTC_70661.dir/src.c.o  -o cmTC_70661 -rdynamic 
make[1]: Leaving directory '/home/peter/Repo/stlink/cmake/CMakeFiles/CMakeTmp'

Source file was:
int main(void) { return 0; }
Performing C SOURCE FILE Test C_SUPPORTS_WFORMAT_SECURITY succeeded with the following output:
Change Dir: /home/peter/Repo/stlink/cmake/CMakeFiles/CMakeTmp

Run Build Command:"/usr/bin/make" "cmTC_bcaa5/fast"
/usr/bin/make -f CMakeFiles/cmTC_bcaa5.dir/build.make CMakeFiles/cmTC_bcaa5.dir/build
make[1]: Entering directory '/home/peter/Repo/stlink/cmake/CMakeFiles/CMakeTmp'
Building C object CMakeFiles/cmTC_bcaa5.dir/src.c.o
/usr/bin/cc    -std=gnu99 -Wall -Wextra -Wshadow -D_FORTIFY_SOURCE=2 -fstrict-aliasing -Wundef -Wformat -DC_SUPPORTS_WFORMAT_SECURITY   -Wformat-security -o CMakeFiles/cmTC_bcaa5.dir/src.c.o   -c /home/peter/Repo/stlink/cmake/CMakeFiles/CMakeTmp/src.c
Linking C executable cmTC_bcaa5
/usr/bin/cmake -E cmake_link_script CMakeFiles/cmTC_bcaa5.dir/link.txt --verbose=1
/usr/bin/cc   -std=gnu99 -Wall -Wextra -Wshadow -D_FORTIFY_SOURCE=2 -fstrict-aliasing -Wundef -Wformat -DC_SUPPORTS_WFORMAT_SECURITY    CMakeFiles/cmTC_bcaa5.dir/src.c.o  -o cmTC_bcaa5 -rdynamic 
make[1]: Leaving directory '/home/peter/Repo/stlink/cmake/CMakeFiles/CMakeTmp'

Source file was:
int main(void) { return 0; }
Performing C SOURCE FILE Test C_SUPPORTS_WMAYBE_UNINITIALIZED succeeded with the following output:
Change Dir: /home/peter/Repo/stlink/cmake/CMakeFiles/CMakeTmp

Run Build Command:"/usr/bin/make" "cmTC_63f9b/fast"
/usr/bin/make -f CMakeFiles/cmTC_63f9b.dir/build.make CMakeFiles/cmTC_63f9b.dir/build
make[1]: Entering directory '/home/peter/Repo/stlink/cmake/CMakeFiles/CMakeTmp'
Building C object CMakeFiles/cmTC_63f9b.dir/src.c.o
/usr/bin/cc    -std=gnu99 -Wall -Wextra -Wshadow -D_FORTIFY_SOURCE=2 -fstrict-aliasing -Wundef -Wformat -Wformat-security -DC_SUPPORTS_WMAYBE_UNINITIALIZED   -Wmaybe-uninitialized -o CMakeFiles/cmTC_63f9b.dir/src.c.o   -c /home/peter/Repo/stlink/cmake/CMakeFiles/CMakeTmp/src.c
Linking C executable cmTC_63f9b
/usr/bin/cmake -E cmake_link_script CMakeFiles/cmTC_63f9b.dir/link.txt --verbose=1
/usr/bin/cc   -std=gnu99 -Wall -Wextra -Wshadow -D_FORTIFY_SOURCE=2 -fstrict-aliasing -Wundef -Wformat -Wformat-security -DC_SUPPORTS_WMAYBE_UNINITIALIZED    CMakeFiles/cmTC_63f9b.dir/src.c.o  -o cmTC_63f9b -rdynamic 
make[1]: Leaving directory '/home/peter/Repo/stlink/cmake/CMakeFiles/CMakeTmp'

Source file was:
int main(void) { return 0; }
Performing C SOURCE FILE Test C_SUPPORTS_WIMPLICIT_FUNCTION_DECLARATION succeeded with the following output:
Change Dir: /home/peter/Repo/stlink/cmake/CMakeFiles/CMakeTmp

Run Build Command:"/usr/bin/make" "cmTC_49ae9/fast"
/usr/bin/make -f CMakeFiles/cmTC_49ae9.dir/build.make CMakeFiles/cmTC_49ae9.dir/build
make[1]: Entering directory '/home/peter/Repo/stlink/cmake/CMakeFiles/CMakeTmp'
Building C object CMakeFiles/cmTC_49ae9.dir/src.c.o
/usr/bin/cc    -std=gnu99 -Wall -Wextra -Wshadow -D_FORTIFY_SOURCE=2 -fstrict-aliasing -Wundef -Wformat -Wformat-security -Wmaybe-uninitialized -DC_SUPPORTS_WIMPLICIT_FUNCTION_DECLARATION   -Wimplicit-function-declaration -o CMakeFiles/cmTC_49ae9.dir/src.c.o   -c /home/peter/Repo/stlink/cmake/CMakeFiles/CMakeTmp/src.c
Linking C executable cmTC_49ae9
/usr/bin/cmake -E cmake_link_script CMakeFiles/cmTC_49ae9.dir/link.txt --verbose=1
/usr/bin/cc   -std=gnu99 -Wall -Wextra -Wshadow -D_FORTIFY_SOURCE=2 -fstrict-aliasing -Wundef -Wformat -Wformat-security -Wmaybe-uninitialized -DC_SUPPORTS_WIMPLICIT_FUNCTION_DECLARATION    CMakeFiles/cmTC_49ae9.dir/src.c.o  -o cmTC_49ae9 -rdynamic 
make[1]: Leaving directory '/home/peter/Repo/stlink/cmake/CMakeFiles/CMakeTmp'

Source file was:
int main(void) { return 0; }
Performing C SOURCE FILE Test C_SUPPORTS_WREDUNDANT_DECLS succeeded with the following output:
Change Dir: /home/peter/Repo/stlink/cmake/CMakeFiles/CMakeTmp

Run Build Command:"/usr/bin/make" "cmTC_4cc50/fast"
/usr/bin/make -f CMakeFiles/cmTC_4cc50.dir/build.make CMakeFiles/cmTC_4cc50.dir/build
make[1]: Entering directory '/home/peter/Repo/stlink/cmake/CMakeFiles/CMakeTmp'
Building C object CMakeFiles/cmTC_4cc50.dir/src.c.o
/usr/bin/cc    -std=gnu99 -Wall -Wextra -Wshadow -D_FORTIFY_SOURCE=2 -fstrict-aliasing -Wundef -Wformat -Wformat-security -Wmaybe-uninitialized -Wimplicit-function-declaration -DC_SUPPORTS_WREDUNDANT_DECLS   -Wredundant-decls -o CMakeFiles/cmTC_4cc50.dir/src.c.o   -c /home/peter/Repo/stlink/cmake/CMakeFiles/CMakeTmp/src.c
Linking C executable cmTC_4cc50
/usr/bin/cmake -E cmake_link_script CMakeFiles/cmTC_4cc50.dir/link.txt --verbose=1
/usr/bin/cc   -std=gnu99 -Wall -Wextra -Wshadow -D_FORTIFY_SOURCE=2 -fstrict-aliasing -Wundef -Wformat -Wformat-security -Wmaybe-uninitialized -Wimplicit-function-declaration -DC_SUPPORTS_WREDUNDANT_DECLS    CMakeFiles/cmTC_4cc50.dir/src.c.o  -o cmTC_4cc50 -rdynamic 
make[1]: Leaving directory '/home/peter/Repo/stlink/cmake/CMakeFiles/CMakeTmp'

Source file was:
int main(void) { return 0; }
Performing C SOURCE FILE Test C_SUPPORTS_FPIC succeeded with the following output:
Change Dir: /home/peter/Repo/stlink/cmake/CMakeFiles/CMakeTmp

Run Build Command:"/usr/bin/make" "cmTC_855dd/fast"
/usr/bin/make -f CMakeFiles/cmTC_855dd.dir/build.make CMakeFiles/cmTC_855dd.dir/build
make[1]: Entering directory '/home/peter/Repo/stlink/cmake/CMakeFiles/CMakeTmp'
Building C object CMakeFiles/cmTC_855dd.dir/src.c.o
/usr/bin/cc    -std=gnu99 -Wall -Wextra -Wshadow -D_FORTIFY_SOURCE=2 -fstrict-aliasing -Wundef -Wformat -Wformat-security -Wmaybe-uninitialized -Wimplicit-function-declaration -Wredundant-decls -DC_SUPPORTS_FPIC   -fPIC -o CMakeFiles/cmTC_855dd.dir/src.c.o   -c /home/peter/Repo/stlink/cmake/CMakeFiles/CMakeTmp/src.c
Linking C executable cmTC_855dd
/usr/bin/cmake -E cmake_link_script CMakeFiles/cmTC_855dd.dir/link.txt --verbose=1
/usr/bin/cc   -std=gnu99 -Wall -Wextra -Wshadow -D_FORTIFY_SOURCE=2 -fstrict-aliasing -Wundef -Wformat -Wformat-security -Wmaybe-uninitialized -Wimplicit-function-declaration -Wredundant-decls -DC_SUPPORTS_FPIC    CMakeFiles/cmTC_855dd.dir/src.c.o  -o cmTC_855dd -rdynamic 
make[1]: Leaving directory '/home/peter/Repo/stlink/cmake/CMakeFiles/CMakeTmp'

Source file was:
int main(void) { return 0; }
Performing C SOURCE FILE Test C_SUPPORTS_O2 succeeded with the following output:
Change Dir: /home/peter/Repo/stlink/cmake/CMakeFiles/CMakeTmp

Run Build Command:"/usr/bin/make" "cmTC_12fc8/fast"
/usr/bin/make -f CMakeFiles/cmTC_12fc8.dir/build.make CMakeFiles/cmTC_12fc8.dir/build
make[1]: Entering directory '/home/peter/Repo/stlink/cmake/CMakeFiles/CMakeTmp'
Building C object CMakeFiles/cmTC_12fc8.dir/src.c.o
/usr/bin/cc    -std=gnu99 -Wall -Wextra -Wshadow -D_FORTIFY_SOURCE=2 -fstrict-aliasing -Wundef -Wformat -Wformat-security -Wmaybe-uninitialized -Wimplicit-function-declaration -Wredundant-decls -fPIC -DC_SUPPORTS_O2   -O2 -o CMakeFiles/cmTC_12fc8.dir/src.c.o   -c /home/peter/Repo/stlink/cmake/CMakeFiles/CMakeTmp/src.c
Linking C executable cmTC_12fc8
/usr/bin/cmake -E cmake_link_script CMakeFiles/cmTC_12fc8.dir/link.txt --verbose=1
/usr/bin/cc   -std=gnu99 -Wall -Wextra -Wshadow -D_FORTIFY_SOURCE=2 -fstrict-aliasing -Wundef -Wformat -Wformat-security -Wmaybe-uninitialized -Wimplicit-function-declaration -Wredundant-decls -fPIC -DC_SUPPORTS_O2    CMakeFiles/cmTC_12fc8.dir/src.c.o  -o cmTC_12fc8 -rdynamic 
make[1]: Leaving directory '/home/peter/Repo/stlink/cmake/CMakeFiles/CMakeTmp'

Source file was:
int main(void) { return 0; }
Performing C SOURCE FILE Test C_SUPPORTS_WERROR succeeded with the following output:
Change Dir: /home/peter/Repo/stlink/cmake/CMakeFiles/CMakeTmp

Run Build Command:"/usr/bin/make" "cmTC_e5583/fast"
/usr/bin/make -f CMakeFiles/cmTC_e5583.dir/build.make CMakeFiles/cmTC_e5583.dir/build
make[1]: Entering directory '/home/peter/Repo/stlink/cmake/CMakeFiles/CMakeTmp'
Building C object CMakeFiles/cmTC_e5583.dir/src.c.o
/usr/bin/cc    -std=gnu99 -Wall -Wextra -Wshadow -D_FORTIFY_SOURCE=2 -fstrict-aliasing -Wundef -Wformat -Wformat-security -Wmaybe-uninitialized -Wimplicit-function-declaration -Wredundant-decls -fPIC -O2 -DC_SUPPORTS_WERROR   -Werror -o CMakeFiles/cmTC_e5583.dir/src.c.o   -c /home/peter/Repo/stlink/cmake/CMakeFiles/CMakeTmp/src.c
Linking C executable cmTC_e5583
/usr/bin/cmake -E cmake_link_script CMakeFiles/cmTC_e5583.dir/link.txt --verbose=1
/usr/bin/cc   -std=gnu99 -Wall -Wextra -Wshadow -D_FORTIFY_SOURCE=2 -fstrict-aliasing -Wundef -Wformat -Wformat-security -Wmaybe-uninitialized -Wimplicit-function-declaration -Wredundant-decls -fPIC -O2 -DC_SUPPORTS_WERROR    CMakeFiles/cmTC_e5583.dir/src.c.o  -o cmTC_e5583 -rdynamic 
make[1]: Leaving directory '/home/peter/Repo/stlink/cmake/CMakeFiles/CMakeTmp'

Source file was:
int main(void) { return 0; }
Determining if the include file sys/mman.h exists passed with the following output:
Change Dir: /home/peter/Repo/stlink/cmake/CMakeFiles/CMakeTmp

Run Build Command:"/usr/bin/make" "cmTC_ebf6c/fast"
/usr/bin/make -f CMakeFiles/cmTC_ebf6c.dir/build.make CMakeFiles/cmTC_ebf6c.dir/build
make[1]: Entering directory '/home/peter/Repo/stlink/cmake/CMakeFiles/CMakeTmp'
Building C object CMakeFiles/cmTC_ebf6c.dir/CheckIncludeFile.c.o
/usr/bin/cc    -std=gnu99 -Wall -Wextra -Wshadow -D_FORTIFY_SOURCE=2 -fstrict-aliasing -Wundef -Wformat -Wformat-security -Wmaybe-uninitialized -Wimplicit-function-declaration -Wredundant-decls -fPIC -O2 -Werror    -o CMakeFiles/cmTC_ebf6c.dir/CheckIncludeFile.c.o   -c /home/peter/Repo/stlink/cmake/CMakeFiles/CMakeTmp/CheckIncludeFile.c
Linking C executable cmTC_ebf6c
/usr/bin/cmake -E cmake_link_script CMakeFiles/cmTC_ebf6c.dir/link.txt --verbose=1
/usr/bin/cc   -std=gnu99 -Wall -Wextra -Wshadow -D_FORTIFY_SOURCE=2 -fstrict-aliasing -Wundef -Wformat -Wformat-security -Wmaybe-uninitialized -Wimplicit-function-declaration -Wredundant-decls -fPIC -O2 -Werror     CMakeFiles/cmTC_ebf6c.dir/CheckIncludeFile.c.o  -o cmTC_ebf6c -rdynamic 
make[1]: Leaving directory '/home/peter/Repo/stlink/cmake/CMakeFiles/CMakeTmp'


Determining if the include file unistd.h exists passed with the following output:
Change Dir: /home/peter/Repo/stlink/cmake/CMakeFiles/CMakeTmp

Run Build Command:"/usr/bin/make" "cmTC_d9ac5/fast"
/usr/bin/make -f CMakeFiles/cmTC_d9ac5.dir/build.make CMakeFiles/cmTC_d9ac5.dir/build
make[1]: Entering directory '/home/peter/Repo/stlink/cmake/CMakeFiles/CMakeTmp'
Building C object CMakeFiles/cmTC_d9ac5.dir/CheckIncludeFile.c.o
/usr/bin/cc    -std=gnu99 -Wall -Wextra -Wshadow -D_FORTIFY_SOURCE=2 -fstrict-aliasing -Wundef -Wformat -Wformat-security -Wmaybe-uninitialized -Wimplicit-function-declaration -Wredundant-decls -fPIC -O2 -Werror    -o CMakeFiles/cmTC_d9ac5.dir/CheckIncludeFile.c.o   -c /home/peter/Repo/stlink/cmake/CMakeFiles/CMakeTmp/CheckIncludeFile.c
Linking C executable cmTC_d9ac5
/usr/bin/cmake -E cmake_link_script CMakeFiles/cmTC_d9ac5.dir/link.txt --verbose=1
/usr/bin/cc   -std=gnu99 -Wall -Wextra -Wshadow -D_FORTIFY_SOURCE=2 -fstrict-aliasing -Wundef -Wformat -Wformat-security -Wmaybe-uninitialized -Wimplicit-function-declaration -Wredundant-decls -fPIC -O2 -Werror     CMakeFiles/cmTC_d9ac5.dir/CheckIncludeFile.c.o  -o cmTC_d9ac5 -rdynamic 
make[1]: Leaving directory '/home/peter/Repo/stlink/cmake/CMakeFiles/CMakeTmp'


