Performing C SOURCE FILE Test C_SUPPORTS_WMISSING_VARIABLE_DECLARATIONS failed with the following output:
Change Dir: /home/peter/Repo/stlink/cmake/CMakeFiles/CMakeTmp

Run Build Command:"/usr/bin/make" "cmTC_20d73/fast"
/usr/bin/make -f CMakeFiles/cmTC_20d73.dir/build.make CMakeFiles/cmTC_20d73.dir/build
make[1]: Entering directory '/home/peter/Repo/stlink/cmake/CMakeFiles/CMakeTmp'
Building C object CMakeFiles/cmTC_20d73.dir/src.c.o
/usr/bin/cc    -std=gnu99 -Wall -Wextra -Wshadow -D_FORTIFY_SOURCE=2 -fstrict-aliasing -Wundef -Wformat -Wformat-security -Wmaybe-uninitialized -DC_SUPPORTS_WMISSING_VARIABLE_DECLARATIONS   -Wmissing-variable-declarations -o CMakeFiles/cmTC_20d73.dir/src.c.o   -c /home/peter/Repo/stlink/cmake/CMakeFiles/CMakeTmp/src.c
cc: error: unrecognized command line option '-Wmissing-variable-declarations'
CMakeFiles/cmTC_20d73.dir/build.make:65: recipe for target 'CMakeFiles/cmTC_20d73.dir/src.c.o' failed
make[1]: *** [CMakeFiles/cmTC_20d73.dir/src.c.o] Error 1
make[1]: Leaving directory '/home/peter/Repo/stlink/cmake/CMakeFiles/CMakeTmp'
Makefile:126: recipe for target 'cmTC_20d73/fast' failed
make: *** [cmTC_20d73/fast] Error 2

Source file was:
int main(void) { return 0; }
Performing C SOURCE FILE Test C_SUPPORTS_WSHORTEN_64_TO_32 failed with the following output:
Change Dir: /home/peter/Repo/stlink/cmake/CMakeFiles/CMakeTmp

Run Build Command:"/usr/bin/make" "cmTC_87ba9/fast"
/usr/bin/make -f CMakeFiles/cmTC_87ba9.dir/build.make CMakeFiles/cmTC_87ba9.dir/build
make[1]: Entering directory '/home/peter/Repo/stlink/cmake/CMakeFiles/CMakeTmp'
Building C object CMakeFiles/cmTC_87ba9.dir/src.c.o
/usr/bin/cc    -std=gnu99 -Wall -Wextra -Wshadow -D_FORTIFY_SOURCE=2 -fstrict-aliasing -Wundef -Wformat -Wformat-security -Wmaybe-uninitialized -DC_SUPPORTS_WSHORTEN_64_TO_32   -Wshorten-64-to-32 -o CMakeFiles/cmTC_87ba9.dir/src.c.o   -c /home/peter/Repo/stlink/cmake/CMakeFiles/CMakeTmp/src.c
cc: error: unrecognized command line option '-Wshorten-64-to-32'
CMakeFiles/cmTC_87ba9.dir/build.make:65: recipe for target 'CMakeFiles/cmTC_87ba9.dir/src.c.o' failed
make[1]: *** [CMakeFiles/cmTC_87ba9.dir/src.c.o] Error 1
make[1]: Leaving directory '/home/peter/Repo/stlink/cmake/CMakeFiles/CMakeTmp'
Makefile:126: recipe for target 'cmTC_87ba9/fast' failed
make: *** [cmTC_87ba9/fast] Error 2

Source file was:
int main(void) { return 0; }
